2022/09/23 18:25:35:code is :00fda+cd9+71dc00
2022/09/23 18:25:35:star
2022/09/23 18:25:35:maskCount2 
2022/09/23 18:25:35:index:0 code:00fda0cd9071dc00
2022/09/23 18:25:35:index:1 code:00fda0cd9171dc00
2022/09/23 18:25:35:index:2 code:00fda0cd9271dc00
2022/09/23 18:25:35:index:3 code:00fda0cd9371dc00
2022/09/23 18:25:35:index:4 code:00fda0cd9471dc00
2022/09/23 18:25:35:index:5 code:00fda0cd9571dc00
2022/09/23 18:25:35:index:6 code:00fda0cd9671dc00
2022/09/23 18:25:35:index:7 code:00fda0cd9771dc00
2022/09/23 18:25:35:index:8 code:00fda0cd9871dc00
2022/09/23 18:25:35:index:9 code:00fda0cd9971dc00
2022/09/23 18:25:35:index:10 code:00fda1cd9071dc00
2022/09/23 18:25:35:index:11 code:00fda1cd9171dc00
2022/09/23 18:25:35:index:12 code:00fda1cd9271dc00
2022/09/23 18:25:35:index:13 code:00fda1cd9371dc00
2022/09/23 18:25:35:index:14 code:00fda1cd9471dc00
2022/09/23 18:25:35:index:15 code:00fda1cd9571dc00
2022/09/23 18:25:35:index:16 code:00fda1cd9671dc00
2022/09/23 18:25:35:index:17 code:00fda1cd9771dc00
2022/09/23 18:25:35:index:18 code:00fda1cd9871dc00
2022/09/23 18:25:35:index:19 code:00fda1cd9971dc00
2022/09/23 18:25:35:index:20 code:00fda2cd9071dc00
2022/09/23 18:25:35:index:21 code:00fda2cd9171dc00
2022/09/23 18:25:35:index:22 code:00fda2cd9271dc00
2022/09/23 18:25:35:index:23 code:00fda2cd9371dc00
2022/09/23 18:25:35:index:24 code:00fda2cd9471dc00
2022/09/23 18:25:35:index:25 code:00fda2cd9571dc00
2022/09/23 18:25:35:index:26 code:00fda2cd9671dc00
2022/09/23 18:25:35:index:27 code:00fda2cd9771dc00
2022/09/23 18:25:35:index:28 code:00fda2cd9871dc00
2022/09/23 18:25:35:index:29 code:00fda2cd9971dc00
2022/09/23 18:25:35:index:30 code:00fda3cd9071dc00
2022/09/23 18:25:35:index:31 code:00fda3cd9171dc00
2022/09/23 18:25:35:index:32 code:00fda3cd9271dc00
2022/09/23 18:25:35:index:33 code:00fda3cd9371dc00
2022/09/23 18:25:35:index:34 code:00fda3cd9471dc00
2022/09/23 18:25:35:index:35 code:00fda3cd9571dc00
2022/09/23 18:25:35:index:36 code:00fda3cd9671dc00
2022/09/23 18:25:35:index:37 code:00fda3cd9771dc00
2022/09/23 18:25:35:index:38 code:00fda3cd9871dc00
2022/09/23 18:25:35:index:39 code:00fda3cd9971dc00
2022/09/23 18:25:35:index:40 code:00fda4cd9071dc00
2022/09/23 18:25:35:index:41 code:00fda4cd9171dc00
2022/09/23 18:25:35:index:42 code:00fda4cd9271dc00
2022/09/23 18:25:35:index:43 code:00fda4cd9371dc00
2022/09/23 18:25:35:index:44 code:00fda4cd9471dc00
2022/09/23 18:25:35:index:45 code:00fda4cd9571dc00
2022/09/23 18:25:35:index:46 code:00fda4cd9671dc00
2022/09/23 18:25:35:index:47 code:00fda4cd9771dc00
2022/09/23 18:25:35:index:48 code:00fda4cd9871dc00
2022/09/23 18:25:35:index:49 code:00fda4cd9971dc00
2022/09/23 18:25:35:index:50 code:00fda5cd9071dc00
2022/09/23 18:25:35:index:51 code:00fda5cd9171dc00
2022/09/23 18:25:35:index:52 code:00fda5cd9271dc00
2022/09/23 18:25:35:index:53 code:00fda5cd9371dc00
2022/09/23 18:25:35:index:54 code:00fda5cd9471dc00
2022/09/23 18:25:35:index:55 code:00fda5cd9571dc00
2022/09/23 18:25:35:index:56 code:00fda5cd9671dc00
2022/09/23 18:25:35:index:57 code:00fda5cd9771dc00
2022/09/23 18:25:35:index:58 code:00fda5cd9871dc00
2022/09/23 18:25:35:index:59 code:00fda5cd9971dc00
2022/09/23 18:25:35:index:60 code:00fda6cd9071dc00
2022/09/23 18:25:35:index:61 code:00fda6cd9171dc00
2022/09/23 18:25:35:index:62 code:00fda6cd9271dc00
2022/09/23 18:25:35:index:63 code:00fda6cd9371dc00
2022/09/23 18:25:35:index:64 code:00fda6cd9471dc00
2022/09/23 18:25:35:index:65 code:00fda6cd9571dc00
2022/09/23 18:25:35:index:66 code:00fda6cd9671dc00
2022/09/23 18:25:35:index:67 code:00fda6cd9771dc00
2022/09/23 18:25:35:index:68 code:00fda6cd9871dc00
2022/09/23 18:25:35:index:69 code:00fda6cd9971dc00
2022/09/23 18:25:35:index:70 code:00fda7cd9071dc00
2022/09/23 18:25:35:index:71 code:00fda7cd9171dc00
2022/09/23 18:25:35:index:72 code:00fda7cd9271dc00
2022/09/23 18:25:35:index:73 code:00fda7cd9371dc00
2022/09/23 18:25:35:index:74 code:00fda7cd9471dc00
2022/09/23 18:25:35:index:75 code:00fda7cd9571dc00
2022/09/23 18:25:35:index:76 code:00fda7cd9671dc00
2022/09/23 18:25:35:index:77 code:00fda7cd9771dc00
2022/09/23 18:25:35:index:78 code:00fda7cd9871dc00
2022/09/23 18:25:35:index:79 code:00fda7cd9971dc00
2022/09/23 18:25:35:index:80 code:00fda8cd9071dc00
2022/09/23 18:25:35:index:81 code:00fda8cd9171dc00
2022/09/23 18:25:35:index:82 code:00fda8cd9271dc00
2022/09/23 18:25:35:index:83 code:00fda8cd9371dc00
2022/09/23 18:25:35:index:84 code:00fda8cd9471dc00
2022/09/23 18:25:35:index:85 code:00fda8cd9571dc00
2022/09/23 18:25:35:index:86 code:00fda8cd9671dc00
2022/09/23 18:25:35:index:87 code:00fda8cd9771dc00
2022/09/23 18:25:35:index:88 code:00fda8cd9871dc00
2022/09/23 18:25:35:index:89 code:00fda8cd9971dc00
2022/09/23 18:25:35:index:90 code:00fda9cd9071dc00
2022/09/23 18:25:35:index:91 code:00fda9cd9171dc00
2022/09/23 18:25:35:index:92 code:00fda9cd9271dc00
2022/09/23 18:25:35:index:93 code:00fda9cd9371dc00
2022/09/23 18:25:35:index:94 code:00fda9cd9471dc00
2022/09/23 18:25:35:index:95 code:00fda9cd9571dc00
2022/09/23 18:25:35:index:96 code:00fda9cd9671dc00
2022/09/23 18:25:35:index:97 code:00fda9cd9771dc00
2022/09/23 18:25:35:index:98 code:00fda9cd9871dc00
2022/09/23 18:25:35:index:99 code:00fda9cd9971dc00
2022/09/23 18:25:50:code is :00fda+cd9+71dc00
2022/09/23 18:25:50:star
2022/09/23 18:25:50:maskCount2 
2022/09/23 18:25:50:index: 0 code: 00fda0cd9071dc00
2022/09/23 18:25:50:index: 1 code: 00fda0cd9171dc00
2022/09/23 18:25:50:index: 2 code: 00fda0cd9271dc00
2022/09/23 18:25:50:index: 3 code: 00fda0cd9371dc00
2022/09/23 18:25:50:index: 4 code: 00fda0cd9471dc00
2022/09/23 18:25:50:index: 5 code: 00fda0cd9571dc00
2022/09/23 18:25:50:index: 6 code: 00fda0cd9671dc00
2022/09/23 18:25:50:index: 7 code: 00fda0cd9771dc00
2022/09/23 18:25:50:index: 8 code: 00fda0cd9871dc00
2022/09/23 18:25:50:index: 9 code: 00fda0cd9971dc00
2022/09/23 18:25:50:index: 10 code: 00fda1cd9071dc00
2022/09/23 18:25:50:index: 11 code: 00fda1cd9171dc00
2022/09/23 18:25:50:index: 12 code: 00fda1cd9271dc00
2022/09/23 18:25:50:index: 13 code: 00fda1cd9371dc00
2022/09/23 18:25:50:index: 14 code: 00fda1cd9471dc00
2022/09/23 18:25:50:index: 15 code: 00fda1cd9571dc00
2022/09/23 18:25:50:index: 16 code: 00fda1cd9671dc00
2022/09/23 18:25:50:index: 17 code: 00fda1cd9771dc00
2022/09/23 18:25:50:index: 18 code: 00fda1cd9871dc00
2022/09/23 18:25:50:index: 19 code: 00fda1cd9971dc00
2022/09/23 18:25:50:index: 20 code: 00fda2cd9071dc00
2022/09/23 18:25:50:index: 21 code: 00fda2cd9171dc00
2022/09/23 18:25:50:index: 22 code: 00fda2cd9271dc00
2022/09/23 18:25:50:index: 23 code: 00fda2cd9371dc00
2022/09/23 18:25:50:index: 24 code: 00fda2cd9471dc00
2022/09/23 18:25:50:index: 25 code: 00fda2cd9571dc00
2022/09/23 18:25:50:index: 26 code: 00fda2cd9671dc00
2022/09/23 18:25:50:index: 27 code: 00fda2cd9771dc00
2022/09/23 18:25:50:index: 28 code: 00fda2cd9871dc00
2022/09/23 18:25:50:index: 29 code: 00fda2cd9971dc00
2022/09/23 18:25:50:index: 30 code: 00fda3cd9071dc00
2022/09/23 18:25:50:index: 31 code: 00fda3cd9171dc00
2022/09/23 18:25:50:index: 32 code: 00fda3cd9271dc00
2022/09/23 18:25:50:index: 33 code: 00fda3cd9371dc00
2022/09/23 18:25:50:index: 34 code: 00fda3cd9471dc00
2022/09/23 18:25:50:index: 35 code: 00fda3cd9571dc00
2022/09/23 18:25:50:index: 36 code: 00fda3cd9671dc00
2022/09/23 18:25:50:index: 37 code: 00fda3cd9771dc00
2022/09/23 18:25:50:index: 38 code: 00fda3cd9871dc00
2022/09/23 18:25:50:index: 39 code: 00fda3cd9971dc00
2022/09/23 18:25:50:index: 40 code: 00fda4cd9071dc00
2022/09/23 18:25:50:index: 41 code: 00fda4cd9171dc00
2022/09/23 18:25:50:index: 42 code: 00fda4cd9271dc00
2022/09/23 18:25:50:index: 43 code: 00fda4cd9371dc00
2022/09/23 18:25:50:index: 44 code: 00fda4cd9471dc00
2022/09/23 18:25:50:index: 45 code: 00fda4cd9571dc00
2022/09/23 18:25:50:index: 46 code: 00fda4cd9671dc00
2022/09/23 18:25:50:index: 47 code: 00fda4cd9771dc00
2022/09/23 18:25:50:index: 48 code: 00fda4cd9871dc00
2022/09/23 18:25:50:index: 49 code: 00fda4cd9971dc00
2022/09/23 18:25:50:index: 50 code: 00fda5cd9071dc00
2022/09/23 18:25:50:index: 51 code: 00fda5cd9171dc00
2022/09/23 18:25:50:index: 52 code: 00fda5cd9271dc00
2022/09/23 18:25:50:index: 53 code: 00fda5cd9371dc00
2022/09/23 18:25:50:index: 54 code: 00fda5cd9471dc00
2022/09/23 18:25:50:index: 55 code: 00fda5cd9571dc00
2022/09/23 18:25:50:index: 56 code: 00fda5cd9671dc00
2022/09/23 18:25:50:index: 57 code: 00fda5cd9771dc00
2022/09/23 18:25:50:index: 58 code: 00fda5cd9871dc00
2022/09/23 18:25:50:index: 59 code: 00fda5cd9971dc00
2022/09/23 18:25:50:index: 60 code: 00fda6cd9071dc00
2022/09/23 18:25:50:index: 61 code: 00fda6cd9171dc00
2022/09/23 18:25:50:index: 62 code: 00fda6cd9271dc00
2022/09/23 18:25:50:index: 63 code: 00fda6cd9371dc00
2022/09/23 18:25:50:index: 64 code: 00fda6cd9471dc00
2022/09/23 18:25:50:index: 65 code: 00fda6cd9571dc00
2022/09/23 18:25:50:index: 66 code: 00fda6cd9671dc00
2022/09/23 18:25:50:index: 67 code: 00fda6cd9771dc00
2022/09/23 18:25:50:index: 68 code: 00fda6cd9871dc00
2022/09/23 18:25:50:index: 69 code: 00fda6cd9971dc00
2022/09/23 18:25:50:index: 70 code: 00fda7cd9071dc00
2022/09/23 18:25:50:index: 71 code: 00fda7cd9171dc00
2022/09/23 18:25:50:index: 72 code: 00fda7cd9271dc00
2022/09/23 18:25:50:index: 73 code: 00fda7cd9371dc00
2022/09/23 18:25:50:index: 74 code: 00fda7cd9471dc00
2022/09/23 18:25:50:index: 75 code: 00fda7cd9571dc00
2022/09/23 18:25:50:index: 76 code: 00fda7cd9671dc00
2022/09/23 18:25:50:index: 77 code: 00fda7cd9771dc00
2022/09/23 18:25:50:index: 78 code: 00fda7cd9871dc00
2022/09/23 18:25:50:index: 79 code: 00fda7cd9971dc00
2022/09/23 18:25:50:index: 80 code: 00fda8cd9071dc00
2022/09/23 18:25:50:index: 81 code: 00fda8cd9171dc00
2022/09/23 18:25:50:index: 82 code: 00fda8cd9271dc00
2022/09/23 18:25:50:index: 83 code: 00fda8cd9371dc00
2022/09/23 18:25:50:index: 84 code: 00fda8cd9471dc00
2022/09/23 18:25:50:index: 85 code: 00fda8cd9571dc00
2022/09/23 18:25:50:index: 86 code: 00fda8cd9671dc00
2022/09/23 18:25:50:index: 87 code: 00fda8cd9771dc00
2022/09/23 18:25:50:index: 88 code: 00fda8cd9871dc00
2022/09/23 18:25:50:index: 89 code: 00fda8cd9971dc00
2022/09/23 18:25:50:index: 90 code: 00fda9cd9071dc00
2022/09/23 18:25:50:index: 91 code: 00fda9cd9171dc00
2022/09/23 18:25:50:index: 92 code: 00fda9cd9271dc00
2022/09/23 18:25:50:index: 93 code: 00fda9cd9371dc00
2022/09/23 18:25:50:index: 94 code: 00fda9cd9471dc00
2022/09/23 18:25:50:index: 95 code: 00fda9cd9571dc00
2022/09/23 18:25:50:index: 96 code: 00fda9cd9671dc00
2022/09/23 18:25:50:index: 97 code: 00fda9cd9771dc00
2022/09/23 18:25:50:index: 98 code: 00fda9cd9871dc00
2022/09/23 18:25:50:index: 99 code: 00fda9cd9971dc00
2022/09/23 18:30:07:code is :00fda+cd9+71dc00
2022/09/23 18:30:07:star
2022/09/23 18:30:07:maskCount2 
2022/09/23 18:30:07:index: 90 code: 00fda0cd9071dc00
2022/09/23 18:30:07:index: 91 code: 00fda0cd9171dc00
2022/09/23 18:30:07:index: 92 code: 00fda0cd9271dc00
2022/09/23 18:30:07:index: 93 code: 00fda0cd9371dc00
2022/09/23 18:30:07:index: 94 code: 00fda0cd9471dc00
2022/09/23 18:30:07:index: 95 code: 00fda0cd9571dc00
2022/09/23 18:30:07:index: 96 code: 00fda0cd9671dc00
2022/09/23 18:30:07:index: 97 code: 00fda0cd9771dc00
2022/09/23 18:30:07:index: 98 code: 00fda0cd9871dc00
2022/09/23 18:30:07:index: 99 code: 00fda0cd9971dc00
2022/09/23 18:30:07:index: 100 code: 00fda1cd9071dc00
2022/09/23 18:30:07:index: 101 code: 00fda1cd9171dc00
2022/09/23 18:30:07:index: 102 code: 00fda1cd9271dc00
2022/09/23 18:30:07:index: 103 code: 00fda1cd9371dc00
2022/09/23 18:30:07:index: 104 code: 00fda1cd9471dc00
2022/09/23 18:30:07:index: 105 code: 00fda1cd9571dc00
2022/09/23 18:30:07:index: 106 code: 00fda1cd9671dc00
2022/09/23 18:30:07:index: 107 code: 00fda1cd9771dc00
2022/09/23 18:30:07:index: 108 code: 00fda1cd9871dc00
2022/09/23 18:30:07:index: 109 code: 00fda1cd9971dc00
2022/09/23 18:30:07:index: 110 code: 00fda2cd9071dc00
2022/09/23 18:30:07:index: 111 code: 00fda2cd9171dc00
2022/09/23 18:30:07:index: 112 code: 00fda2cd9271dc00
2022/09/23 18:30:07:index: 113 code: 00fda2cd9371dc00
2022/09/23 18:30:07:index: 114 code: 00fda2cd9471dc00
2022/09/23 18:30:07:index: 115 code: 00fda2cd9571dc00
2022/09/23 18:30:07:index: 116 code: 00fda2cd9671dc00
2022/09/23 18:30:07:index: 117 code: 00fda2cd9771dc00
2022/09/23 18:30:07:index: 118 code: 00fda2cd9871dc00
2022/09/23 18:30:07:index: 119 code: 00fda2cd9971dc00
2022/09/23 18:30:07:index: 120 code: 00fda3cd9071dc00
2022/09/23 18:30:07:index: 121 code: 00fda3cd9171dc00
2022/09/23 18:30:07:index: 122 code: 00fda3cd9271dc00
2022/09/23 18:30:07:index: 123 code: 00fda3cd9371dc00
2022/09/23 18:30:07:index: 124 code: 00fda3cd9471dc00
2022/09/23 18:30:07:index: 125 code: 00fda3cd9571dc00
2022/09/23 18:30:07:index: 126 code: 00fda3cd9671dc00
2022/09/23 18:30:07:index: 127 code: 00fda3cd9771dc00
2022/09/23 18:30:07:index: 128 code: 00fda3cd9871dc00
2022/09/23 18:30:07:index: 129 code: 00fda3cd9971dc00
2022/09/23 18:30:07:index: 130 code: 00fda4cd9071dc00
2022/09/23 18:30:07:index: 131 code: 00fda4cd9171dc00
2022/09/23 18:30:07:index: 132 code: 00fda4cd9271dc00
2022/09/23 18:30:07:index: 133 code: 00fda4cd9371dc00
2022/09/23 18:30:07:index: 134 code: 00fda4cd9471dc00
2022/09/23 18:30:07:index: 135 code: 00fda4cd9571dc00
2022/09/23 18:30:07:index: 136 code: 00fda4cd9671dc00
2022/09/23 18:30:07:index: 137 code: 00fda4cd9771dc00
2022/09/23 18:30:07:index: 138 code: 00fda4cd9871dc00
2022/09/23 18:30:07:index: 139 code: 00fda4cd9971dc00
2022/09/23 18:30:07:index: 140 code: 00fda5cd9071dc00
2022/09/23 18:30:07:index: 141 code: 00fda5cd9171dc00
2022/09/23 18:30:07:index: 142 code: 00fda5cd9271dc00
2022/09/23 18:30:07:index: 143 code: 00fda5cd9371dc00
2022/09/23 18:30:07:index: 144 code: 00fda5cd9471dc00
2022/09/23 18:30:07:index: 145 code: 00fda5cd9571dc00
2022/09/23 18:30:07:index: 146 code: 00fda5cd9671dc00
2022/09/23 18:30:07:index: 147 code: 00fda5cd9771dc00
2022/09/23 18:30:07:index: 148 code: 00fda5cd9871dc00
2022/09/23 18:30:07:index: 149 code: 00fda5cd9971dc00
2022/09/23 18:30:07:index: 150 code: 00fda6cd9071dc00
2022/09/23 18:30:07:index: 151 code: 00fda6cd9171dc00
2022/09/23 18:30:07:index: 152 code: 00fda6cd9271dc00
2022/09/23 18:30:07:index: 153 code: 00fda6cd9371dc00
2022/09/23 18:30:07:index: 154 code: 00fda6cd9471dc00
2022/09/23 18:30:07:index: 155 code: 00fda6cd9571dc00
2022/09/23 18:30:07:index: 156 code: 00fda6cd9671dc00
2022/09/23 18:30:07:index: 157 code: 00fda6cd9771dc00
2022/09/23 18:30:07:index: 158 code: 00fda6cd9871dc00
2022/09/23 18:30:07:index: 159 code: 00fda6cd9971dc00
2022/09/23 18:30:07:index: 160 code: 00fda7cd9071dc00
2022/09/23 18:30:07:index: 161 code: 00fda7cd9171dc00
2022/09/23 18:30:07:index: 162 code: 00fda7cd9271dc00
2022/09/23 18:30:07:index: 163 code: 00fda7cd9371dc00
2022/09/23 18:30:07:index: 164 code: 00fda7cd9471dc00
2022/09/23 18:30:07:index: 165 code: 00fda7cd9571dc00
2022/09/23 18:30:07:index: 166 code: 00fda7cd9671dc00
2022/09/23 18:30:07:index: 167 code: 00fda7cd9771dc00
2022/09/23 18:30:07:index: 168 code: 00fda7cd9871dc00
2022/09/23 18:30:07:index: 169 code: 00fda7cd9971dc00
2022/09/23 18:30:07:index: 170 code: 00fda8cd9071dc00
2022/09/23 18:30:07:index: 171 code: 00fda8cd9171dc00
2022/09/23 18:30:07:index: 172 code: 00fda8cd9271dc00
2022/09/23 18:30:07:index: 173 code: 00fda8cd9371dc00
2022/09/23 18:30:07:index: 174 code: 00fda8cd9471dc00
2022/09/23 18:30:07:index: 175 code: 00fda8cd9571dc00
2022/09/23 18:30:07:index: 176 code: 00fda8cd9671dc00
2022/09/23 18:30:07:index: 177 code: 00fda8cd9771dc00
2022/09/23 18:30:07:index: 178 code: 00fda8cd9871dc00
2022/09/23 18:30:07:index: 179 code: 00fda8cd9971dc00
2022/09/23 18:30:07:index: 180 code: 00fda9cd9071dc00
2022/09/23 18:30:07:index: 181 code: 00fda9cd9171dc00
2022/09/23 18:30:07:index: 182 code: 00fda9cd9271dc00
2022/09/23 18:30:07:index: 183 code: 00fda9cd9371dc00
2022/09/23 18:30:07:index: 184 code: 00fda9cd9471dc00
2022/09/23 18:30:07:index: 185 code: 00fda9cd9571dc00
2022/09/23 18:30:07:index: 186 code: 00fda9cd9671dc00
2022/09/23 18:30:07:index: 187 code: 00fda9cd9771dc00
2022/09/23 18:30:07:index: 188 code: 00fda9cd9871dc00
2022/09/23 18:30:07:index: 189 code: 00fda9cd9971dc00
2022/09/23 18:31:27:code is :00fda+cd9+71dc00
2022/09/23 18:31:27:star
2022/09/23 18:31:27:maskCount2 
2022/09/23 18:31:27:index: 90 code: 00fda9cd9071dc00
2022/09/23 18:31:27:index: 91 code: 00fda9cd9171dc00
2022/09/23 18:31:27:index: 92 code: 00fda9cd9271dc00
2022/09/23 18:31:27:index: 93 code: 00fda9cd9371dc00
2022/09/23 18:31:27:index: 94 code: 00fda9cd9471dc00
2022/09/23 18:31:27:index: 95 code: 00fda9cd9571dc00
2022/09/23 18:31:27:index: 96 code: 00fda9cd9671dc00
2022/09/23 18:31:27:index: 97 code: 00fda9cd9771dc00
2022/09/23 18:31:27:index: 98 code: 00fda9cd9871dc00
2022/09/23 18:31:27:index: 99 code: 00fda9cd9971dc00
2022/09/23 18:33:54:code is :00fda+cd9+71dc00
2022/09/23 18:33:54:star
2022/09/23 18:33:54:maskCount2 
2022/09/23 18:34:10:code is :00fda+cd9+71dc00
2022/09/23 18:34:10:star
2022/09/23 18:34:10:maskCount2 
2022/09/23 18:34:22:code is :00fda+cd9+71dc00
2022/09/23 18:34:22:star
2022/09/23 18:34:22:maskCount2 
2022/09/23 18:35:31:code is :00fda+cd9+71dc00
2022/09/23 18:35:31:star
2022/09/23 18:35:31:maskCount2 
2022/09/23 18:35:42:code is :00fda+cd9+71dc00
2022/09/23 18:35:42:star
2022/09/23 18:35:42:maskCount2 
2022/09/23 18:50:04:code is :00fda+cd9+71dc00
2022/09/23 18:50:04:star
2022/09/23 18:50:04:maskCount2 
2022/09/23 18:51:59:code is :00fda+cd9+71dc00
2022/09/23 18:51:59:star
2022/09/23 18:51:59:maskCount2 
2022/09/23 18:52:05:code is :00fda+cd9+71dc00
2022/09/23 18:52:05:star
2022/09/23 18:52:05:maskCount2 
